<?xml version="1.0" encoding="UTF-8"?>
<robot generator="Robot 6.0.2 (Python 3.10.4 on win32)" generated="20230208 22:54:58.585" rpa="false" schemaversion="3">
<suite id="s1" name="POST CreateToken" source="C:\Script\restful_booker_automation\auth\POST_CreateToken.robot">
<test id="s1-t1" name="Happy Test 1" line="10">
<kw name="Create Dictionary" library="BuiltIn">
<var>${headers}</var>
<arg>Content-Type=application/json</arg>
<doc>Creates and returns a dictionary based on the given ``items``.</doc>
<msg timestamp="20230208 22:54:58.979" level="INFO">${headers} = {'Content-Type': 'application/json'}</msg>
<status status="PASS" starttime="20230208 22:54:58.979" endtime="20230208 22:54:58.979"/>
</kw>
<kw name="Create Dictionary" library="BuiltIn">
<var>${request}</var>
<arg>username=admin</arg>
<arg>password=password123</arg>
<doc>Creates and returns a dictionary based on the given ``items``.</doc>
<msg timestamp="20230208 22:54:58.982" level="INFO">${request} = {'username': 'admin', 'password': 'password123'}</msg>
<status status="PASS" starttime="20230208 22:54:58.982" endtime="20230208 22:54:58.982"/>
</kw>
<kw name="POST" library="RequestsLibrary">
<var>${response}</var>
<arg>${http_server}/auth</arg>
<arg>json=${request}</arg>
<arg>headers=${headers}</arg>
<doc>Sends a POST request.</doc>
<msg timestamp="20230208 22:54:59.675" level="INFO">POST Request : url=https://restful-booker.herokuapp.com/auth 
 path_url=/auth 
 headers={'User-Agent': 'python-requests/2.28.2', 'Accept-Encoding': 'gzip, deflate', 'Accept': '*/*', 'Connection': 'keep-alive', 'Content-Type': 'application/json', 'Content-Length': '48'} 
 body=b'{"username": "admin", "password": "password123"}' 
 </msg>
<msg timestamp="20230208 22:54:59.678" level="INFO">POST Response : url=https://restful-booker.herokuapp.com/auth 
 status=200, reason=OK 
 headers={'Server': 'Cowboy', 'Connection': 'keep-alive', 'X-Powered-By': 'Express', 'Content-Type': 'application/json; charset=utf-8', 'Content-Length': '27', 'Etag': 'W/"1b-y6RNwmwTfnSw2LaQetC3y8NPVDE"', 'Date': 'Thu, 09 Feb 2023 03:54:59 GMT', 'Via': '1.1 vegur'} 
 body={"token":"c80995375a17fc8"} 
 </msg>
<msg timestamp="20230208 22:54:59.678" level="INFO">${response} = &lt;Response [200]&gt;</msg>
<status status="PASS" starttime="20230208 22:54:58.982" endtime="20230208 22:54:59.678"/>
</kw>
<kw name="Log To Console" library="BuiltIn">
<arg>${response.content}</arg>
<doc>Logs the given message to the console.</doc>
<status status="PASS" starttime="20230208 22:54:59.678" endtime="20230208 22:54:59.682"/>
</kw>
<kw name="Status Should Be" library="RequestsLibrary">
<arg>OK</arg>
<arg>${response}</arg>
<doc>Fails if response status code is different than the expected.</doc>
<status status="PASS" starttime="20230208 22:54:59.682" endtime="20230208 22:54:59.686"/>
</kw>
<tag>CP001 - Validar que el método responda OK</tag>
<status status="PASS" starttime="20230208 22:54:58.979" endtime="20230208 22:54:59.686"/>
</test>
<test id="s1-t2" name="Happy Test 2" line="18">
<kw name="Create Dictionary" library="BuiltIn">
<var>${headers}</var>
<arg>Content-Type=application/json</arg>
<doc>Creates and returns a dictionary based on the given ``items``.</doc>
<msg timestamp="20230208 22:54:59.694" level="INFO">${headers} = {'Content-Type': 'application/json'}</msg>
<status status="PASS" starttime="20230208 22:54:59.692" endtime="20230208 22:54:59.694"/>
</kw>
<kw name="Create Dictionary" library="BuiltIn">
<var>${request}</var>
<arg>username=admin</arg>
<arg>password=password123</arg>
<doc>Creates and returns a dictionary based on the given ``items``.</doc>
<msg timestamp="20230208 22:54:59.697" level="INFO">${request} = {'username': 'admin', 'password': 'password123'}</msg>
<status status="PASS" starttime="20230208 22:54:59.695" endtime="20230208 22:54:59.697"/>
</kw>
<kw name="POST" library="RequestsLibrary">
<var>${response}</var>
<arg>${http_server}/auth</arg>
<arg>json=${request}</arg>
<arg>headers=${headers}</arg>
<doc>Sends a POST request.</doc>
<msg timestamp="20230208 22:55:00.209" level="INFO">POST Request : url=https://restful-booker.herokuapp.com/auth 
 path_url=/auth 
 headers={'User-Agent': 'python-requests/2.28.2', 'Accept-Encoding': 'gzip, deflate', 'Accept': '*/*', 'Connection': 'keep-alive', 'Content-Type': 'application/json', 'Content-Length': '48'} 
 body=b'{"username": "admin", "password": "password123"}' 
 </msg>
<msg timestamp="20230208 22:55:00.209" level="INFO">POST Response : url=https://restful-booker.herokuapp.com/auth 
 status=200, reason=OK 
 headers={'Server': 'Cowboy', 'Connection': 'keep-alive', 'X-Powered-By': 'Express', 'Content-Type': 'application/json; charset=utf-8', 'Content-Length': '27', 'Etag': 'W/"1b-RWwc9qfeT4gjcKwWmV/pfS6WOjg"', 'Date': 'Thu, 09 Feb 2023 03:55:00 GMT', 'Via': '1.1 vegur'} 
 body={"token":"c1063f44a9ec4ab"} 
 </msg>
<msg timestamp="20230208 22:55:00.209" level="INFO">${response} = &lt;Response [200]&gt;</msg>
<status status="PASS" starttime="20230208 22:54:59.697" endtime="20230208 22:55:00.209"/>
</kw>
<kw name="Call Method" library="BuiltIn">
<var>${keys}</var>
<arg>${response.json()}</arg>
<arg>keys</arg>
<doc>Calls the named method of the given object with the provided arguments.</doc>
<msg timestamp="20230208 22:55:00.213" level="INFO">${keys} = dict_keys(['token'])</msg>
<status status="PASS" starttime="20230208 22:55:00.212" endtime="20230208 22:55:00.213"/>
</kw>
<kw name="Should Contain" library="BuiltIn">
<arg>${keys}</arg>
<arg>token</arg>
<doc>Fails if ``container`` does not contain ``item`` one or more times.</doc>
<status status="PASS" starttime="20230208 22:55:00.213" endtime="20230208 22:55:00.213"/>
</kw>
<tag>CP002 - Validar que las llaves contengan 'token'</tag>
<status status="PASS" starttime="20230208 22:54:59.686" endtime="20230208 22:55:00.213"/>
</test>
<doc>Pruebas automatizadas Auth_CreateToken</doc>
<status status="PASS" starttime="20230208 22:54:58.596" endtime="20230208 22:55:00.222"/>
</suite>
<statistics>
<total>
<stat pass="2" fail="0" skip="0">All Tests</stat>
</total>
<tag>
<stat pass="1" fail="0" skip="0">CP001 - Validar que el método responda OK</stat>
<stat pass="1" fail="0" skip="0">CP002 - Validar que las llaves contengan 'token'</stat>
</tag>
<suite>
<stat pass="2" fail="0" skip="0" id="s1" name="POST CreateToken">POST CreateToken</stat>
</suite>
</statistics>
<errors>
</errors>
</robot>
