<?xml version="1.0" encoding="UTF-8"?>
<robot generator="Robot 6.0.2 (Python 3.10.4 on win32)" generated="20230208 22:31:29.723" rpa="false" schemaversion="3">
<suite id="s1" name="DELETE DeleteBooking" source="C:\Script\restful_booker_automation\booking\DELETE_DeleteBooking.robot">
<test id="s1-t1" name="Happy Test 1" line="9">
<kw name="Create Dictionary" library="BuiltIn">
<var>${headers_token}</var>
<arg>Content-Type=application/json</arg>
<doc>Creates and returns a dictionary based on the given ``items``.</doc>
<msg timestamp="20230208 22:31:29.864" level="INFO">${headers_token} = {'Content-Type': 'application/json'}</msg>
<status status="PASS" starttime="20230208 22:31:29.849" endtime="20230208 22:31:29.864"/>
</kw>
<kw name="Create Dictionary" library="BuiltIn">
<var>${request_token}</var>
<arg>username=admin</arg>
<arg>password=password123</arg>
<doc>Creates and returns a dictionary based on the given ``items``.</doc>
<msg timestamp="20230208 22:31:29.864" level="INFO">${request_token} = {'username': 'admin', 'password': 'password123'}</msg>
<status status="PASS" starttime="20230208 22:31:29.864" endtime="20230208 22:31:29.864"/>
</kw>
<kw name="POST" library="RequestsLibrary">
<var>${response_token}</var>
<arg>${http_server}/auth</arg>
<arg>json=${request_token}</arg>
<arg>headers=${headers_token}</arg>
<doc>Sends a POST request.</doc>
<msg timestamp="20230208 22:31:30.477" level="INFO">POST Request : url=https://restful-booker.herokuapp.com/auth 
 path_url=/auth 
 headers={'User-Agent': 'python-requests/2.28.2', 'Accept-Encoding': 'gzip, deflate', 'Accept': '*/*', 'Connection': 'keep-alive', 'Content-Type': 'application/json', 'Content-Length': '48'} 
 body=b'{"username": "admin", "password": "password123"}' 
 </msg>
<msg timestamp="20230208 22:31:30.477" level="INFO">POST Response : url=https://restful-booker.herokuapp.com/auth 
 status=200, reason=OK 
 headers={'Server': 'Cowboy', 'Connection': 'keep-alive', 'X-Powered-By': 'Express', 'Content-Type': 'application/json; charset=utf-8', 'Content-Length': '27', 'Etag': 'W/"1b-mF1u4GlxNFMliCRELZgHdS7XAGU"', 'Date': 'Thu, 09 Feb 2023 03:31:30 GMT', 'Via': '1.1 vegur'} 
 body={"token":"57c0301516a0655"} 
 </msg>
<msg timestamp="20230208 22:31:30.477" level="INFO">${response_token} = &lt;Response [200]&gt;</msg>
<status status="PASS" starttime="20230208 22:31:29.864" endtime="20230208 22:31:30.477"/>
</kw>
<kw name="Set Variable" library="BuiltIn">
<var>${json_object}</var>
<arg>${response_token.json()}</arg>
<doc>Returns the given values which can then be assigned to a variables.</doc>
<msg timestamp="20230208 22:31:30.477" level="INFO">${json_object} = {'token': '57c0301516a0655'}</msg>
<status status="PASS" starttime="20230208 22:31:30.477" endtime="20230208 22:31:30.477"/>
</kw>
<kw name="Set Variable" library="BuiltIn">
<var>${token}</var>
<arg>${json_object['token']}</arg>
<doc>Returns the given values which can then be assigned to a variables.</doc>
<msg timestamp="20230208 22:31:30.477" level="INFO">${token} = 57c0301516a0655</msg>
<status status="PASS" starttime="20230208 22:31:30.477" endtime="20230208 22:31:30.477"/>
</kw>
<kw name="Create Dictionary" library="BuiltIn">
<var>${headers}</var>
<arg>Content-Type=application/json</arg>
<arg>Cookie=token=${token}</arg>
<doc>Creates and returns a dictionary based on the given ``items``.</doc>
<msg timestamp="20230208 22:31:30.477" level="INFO">${headers} = {'Content-Type': 'application/json', 'Cookie': 'token=57c0301516a0655'}</msg>
<status status="PASS" starttime="20230208 22:31:30.477" endtime="20230208 22:31:30.477"/>
</kw>
<kw name="DELETE" library="RequestsLibrary">
<var>${response}</var>
<arg>${http_server}/booking/4</arg>
<arg>headers=${headers}</arg>
<doc>Sends a DELETE request.</doc>
<msg timestamp="20230208 22:31:30.979" level="INFO">DELETE Request : url=https://restful-booker.herokuapp.com/booking/4 
 path_url=/booking/4 
 headers={'User-Agent': 'python-requests/2.28.2', 'Accept-Encoding': 'gzip, deflate', 'Accept': '*/*', 'Connection': 'keep-alive', 'Content-Type': 'application/json', 'Cookie': 'token=57c0301516a0655', 'Content-Length': '0'} 
 body=None 
 </msg>
<msg timestamp="20230208 22:31:30.979" level="INFO">DELETE Response : url=https://restful-booker.herokuapp.com/booking/4 
 status=201, reason=Created 
 headers={'Server': 'Cowboy', 'Connection': 'keep-alive', 'X-Powered-By': 'Express', 'Content-Type': 'text/plain; charset=utf-8', 'Content-Length': '7', 'Etag': 'W/"7-rM9AyJuqT6iOan/xHh+AW+7K/T8"', 'Date': 'Thu, 09 Feb 2023 03:31:31 GMT', 'Via': '1.1 vegur'} 
 body=Created 
 </msg>
<msg timestamp="20230208 22:31:30.979" level="INFO">${response} = &lt;Response [201]&gt;</msg>
<status status="PASS" starttime="20230208 22:31:30.477" endtime="20230208 22:31:30.979"/>
</kw>
<kw name="Status Should Be" library="RequestsLibrary">
<arg>CREATED</arg>
<arg>${response}</arg>
<doc>Fails if response status code is different than the expected.</doc>
<status status="PASS" starttime="20230208 22:31:30.979" endtime="20230208 22:31:30.979"/>
</kw>
<tag>CP001 - Validar que el método responda OK</tag>
<status status="PASS" starttime="20230208 22:31:29.849" endtime="20230208 22:31:30.979"/>
</test>
<status status="PASS" starttime="20230208 22:31:29.723" endtime="20230208 22:31:30.979"/>
</suite>
<statistics>
<total>
<stat pass="1" fail="0" skip="0">All Tests</stat>
</total>
<tag>
<stat pass="1" fail="0" skip="0">CP001 - Validar que el método responda OK</stat>
</tag>
<suite>
<stat pass="1" fail="0" skip="0" id="s1" name="DELETE DeleteBooking">DELETE DeleteBooking</stat>
</suite>
</statistics>
<errors>
</errors>
</robot>
