<?xml version="1.0" encoding="UTF-8"?>
<robot generator="Robot 6.0.2 (Python 3.10.4 on win32)" generated="20230208 22:40:28.039" rpa="false" schemaversion="3">
<suite id="s1" name="PATCH PartialUpdateBooking" source="C:\Script\restful_booker_automation\booking\PATCH_PartialUpdateBooking.robot">
<test id="s1-t1" name="Happy Test 1" line="10">
<kw name="Create Dictionary" library="BuiltIn">
<var>${headers_token}</var>
<arg>Content-Type=application/json</arg>
<doc>Creates and returns a dictionary based on the given ``items``.</doc>
<msg timestamp="20230208 22:40:28.180" level="INFO">${headers_token} = {'Content-Type': 'application/json'}</msg>
<status status="PASS" starttime="20230208 22:40:28.180" endtime="20230208 22:40:28.180"/>
</kw>
<kw name="Create Dictionary" library="BuiltIn">
<var>${request_token}</var>
<arg>username=admin</arg>
<arg>password=password123</arg>
<doc>Creates and returns a dictionary based on the given ``items``.</doc>
<msg timestamp="20230208 22:40:28.180" level="INFO">${request_token} = {'username': 'admin', 'password': 'password123'}</msg>
<status status="PASS" starttime="20230208 22:40:28.180" endtime="20230208 22:40:28.180"/>
</kw>
<kw name="POST" library="RequestsLibrary">
<var>${response_token}</var>
<arg>${http_server}/auth</arg>
<arg>json=${request_token}</arg>
<arg>headers=${headers_token}</arg>
<doc>Sends a POST request.</doc>
<msg timestamp="20230208 22:40:28.777" level="INFO">POST Request : url=https://restful-booker.herokuapp.com/auth 
 path_url=/auth 
 headers={'User-Agent': 'python-requests/2.28.2', 'Accept-Encoding': 'gzip, deflate', 'Accept': '*/*', 'Connection': 'keep-alive', 'Content-Type': 'application/json', 'Content-Length': '48'} 
 body=b'{"username": "admin", "password": "password123"}' 
 </msg>
<msg timestamp="20230208 22:40:28.777" level="INFO">POST Response : url=https://restful-booker.herokuapp.com/auth 
 status=200, reason=OK 
 headers={'Server': 'Cowboy', 'Connection': 'keep-alive', 'X-Powered-By': 'Express', 'Content-Type': 'application/json; charset=utf-8', 'Content-Length': '27', 'Etag': 'W/"1b-QlzaammArBcYGMFph6w8AgHyXQE"', 'Date': 'Thu, 09 Feb 2023 03:40:28 GMT', 'Via': '1.1 vegur'} 
 body={"token":"1ee8aa23852d1cf"} 
 </msg>
<msg timestamp="20230208 22:40:28.777" level="INFO">${response_token} = &lt;Response [200]&gt;</msg>
<status status="PASS" starttime="20230208 22:40:28.180" endtime="20230208 22:40:28.777"/>
</kw>
<kw name="Set Variable" library="BuiltIn">
<var>${json_object}</var>
<arg>${response_token.json()}</arg>
<doc>Returns the given values which can then be assigned to a variables.</doc>
<msg timestamp="20230208 22:40:28.793" level="INFO">${json_object} = {'token': '1ee8aa23852d1cf'}</msg>
<status status="PASS" starttime="20230208 22:40:28.793" endtime="20230208 22:40:28.793"/>
</kw>
<kw name="Set Variable" library="BuiltIn">
<var>${token}</var>
<arg>${json_object['token']}</arg>
<doc>Returns the given values which can then be assigned to a variables.</doc>
<msg timestamp="20230208 22:40:28.793" level="INFO">${token} = 1ee8aa23852d1cf</msg>
<status status="PASS" starttime="20230208 22:40:28.793" endtime="20230208 22:40:28.793"/>
</kw>
<kw name="Create Dictionary" library="BuiltIn">
<var>${headers}</var>
<arg>Content-Type=application/json</arg>
<arg>Accept=application/json</arg>
<arg>Cookie=token=${token}</arg>
<doc>Creates and returns a dictionary based on the given ``items``.</doc>
<msg timestamp="20230208 22:40:28.793" level="INFO">${headers} = {'Content-Type': 'application/json', 'Accept': 'application/json', 'Cookie': 'token=1ee8aa23852d1cf'}</msg>
<status status="PASS" starttime="20230208 22:40:28.793" endtime="20230208 22:40:28.793"/>
</kw>
<kw name="Create Dictionary" library="BuiltIn">
<var>${request}</var>
<arg>firstname=Francisco</arg>
<arg>lastname=Bolognesi</arg>
<doc>Creates and returns a dictionary based on the given ``items``.</doc>
<msg timestamp="20230208 22:40:28.793" level="INFO">${request} = {'firstname': 'Francisco', 'lastname': 'Bolognesi'}</msg>
<status status="PASS" starttime="20230208 22:40:28.793" endtime="20230208 22:40:28.793"/>
</kw>
<kw name="PATCH" library="RequestsLibrary">
<var>${response}</var>
<arg>${http_server}/booking/4</arg>
<arg>json=${request}</arg>
<arg>headers=${headers}</arg>
<doc>Sends a PUT request.</doc>
<msg timestamp="20230208 22:40:29.264" level="INFO">PATCH Request : url=https://restful-booker.herokuapp.com/booking/4 
 path_url=/booking/4 
 headers={'User-Agent': 'python-requests/2.28.2', 'Accept-Encoding': 'gzip, deflate', 'Accept': 'application/json', 'Connection': 'keep-alive', 'Content-Type': 'application/json', 'Cookie': 'token=1ee8aa23852d1cf', 'Content-Length': '51'} 
 body=b'{"firstname": "Francisco", "lastname": "Bolognesi"}' 
 </msg>
<msg timestamp="20230208 22:40:29.264" level="INFO">PATCH Response : url=https://restful-booker.herokuapp.com/booking/4 
 status=200, reason=OK 
 headers={'Server': 'Cowboy', 'Connection': 'keep-alive', 'X-Powered-By': 'Express', 'Content-Type': 'application/json; charset=utf-8', 'Content-Length': '148', 'Etag': 'W/"94-+gfcrVYrfhmaL4cR6LK1H037p5s"', 'Date': 'Thu, 09 Feb 2023 03:40:29 GMT', 'Via': '1.1 vegur'} 
 body={"firstname":"Francisco","lastname":"Bolognesi","totalprice":166,"depositpaid":true,"bookingdates":{"checkin":"2017-07-28","checkout":"2018-04-12"}} 
 </msg>
<msg timestamp="20230208 22:40:29.264" level="INFO">${response} = &lt;Response [200]&gt;</msg>
<status status="PASS" starttime="20230208 22:40:28.793" endtime="20230208 22:40:29.264"/>
</kw>
<kw name="Status Should Be" library="RequestsLibrary">
<arg>OK</arg>
<arg>${response}</arg>
<doc>Fails if response status code is different than the expected.</doc>
<status status="PASS" starttime="20230208 22:40:29.264" endtime="20230208 22:40:29.264"/>
</kw>
<tag>CP001 - Validar que el método responda OK</tag>
<status status="PASS" starttime="20230208 22:40:28.180" endtime="20230208 22:40:29.264"/>
</test>
<test id="s1-t2" name="Happy Test 2" line="24">
<kw name="GET" library="RequestsLibrary">
<var>${response}</var>
<arg>${http_server}/booking/4</arg>
<doc>Sends a GET request.</doc>
<msg timestamp="20230208 22:40:29.750" level="INFO">GET Request : url=https://restful-booker.herokuapp.com/booking/4 
 path_url=/booking/4 
 headers={'User-Agent': 'python-requests/2.28.2', 'Accept-Encoding': 'gzip, deflate', 'Accept': '*/*', 'Connection': 'keep-alive'} 
 body=None 
 </msg>
<msg timestamp="20230208 22:40:29.750" level="INFO">GET Response : url=https://restful-booker.herokuapp.com/booking/4 
 status=200, reason=OK 
 headers={'Server': 'Cowboy', 'Connection': 'keep-alive', 'X-Powered-By': 'Express', 'Content-Type': 'application/json; charset=utf-8', 'Content-Length': '148', 'Etag': 'W/"94-+gfcrVYrfhmaL4cR6LK1H037p5s"', 'Date': 'Thu, 09 Feb 2023 03:40:29 GMT', 'Via': '1.1 vegur'} 
 body={"firstname":"Francisco","lastname":"Bolognesi","totalprice":166,"depositpaid":true,"bookingdates":{"checkin":"2017-07-28","checkout":"2018-04-12"}} 
 </msg>
<msg timestamp="20230208 22:40:29.750" level="INFO">${response} = &lt;Response [200]&gt;</msg>
<status status="PASS" starttime="20230208 22:40:29.279" endtime="20230208 22:40:29.750"/>
</kw>
<kw name="Set Variable" library="BuiltIn">
<var>${json_object}</var>
<arg>${response.json()}</arg>
<doc>Returns the given values which can then be assigned to a variables.</doc>
<msg timestamp="20230208 22:40:29.750" level="INFO">${json_object} = {'firstname': 'Francisco', 'lastname': 'Bolognesi', 'totalprice': 166, 'depositpaid': True, 'bookingdates': {'checkin': '2017-07-28', 'checkout': '2018-04-12'}}</msg>
<status status="PASS" starttime="20230208 22:40:29.750" endtime="20230208 22:40:29.750"/>
</kw>
<kw name="Set Variable" library="BuiltIn">
<var>${firstname}</var>
<arg>${json_object['firstname']}</arg>
<doc>Returns the given values which can then be assigned to a variables.</doc>
<msg timestamp="20230208 22:40:29.750" level="INFO">${firstname} = Francisco</msg>
<status status="PASS" starttime="20230208 22:40:29.750" endtime="20230208 22:40:29.750"/>
</kw>
<kw name="Should Be Equal" library="BuiltIn">
<arg>${firstname}</arg>
<arg>Francisco</arg>
<doc>Fails if the given objects are unequal.</doc>
<status status="PASS" starttime="20230208 22:40:29.750" endtime="20230208 22:40:29.750"/>
</kw>
<tag>CP002 - Validar que se hayan realizado los cambios en el campo "firstname"</tag>
<status status="PASS" starttime="20230208 22:40:29.279" endtime="20230208 22:40:29.750"/>
</test>
<doc>Pruebas automatizadas Booking_PartialUpdateBooking</doc>
<status status="PASS" starttime="20230208 22:40:28.039" endtime="20230208 22:40:29.750"/>
</suite>
<statistics>
<total>
<stat pass="2" fail="0" skip="0">All Tests</stat>
</total>
<tag>
<stat pass="1" fail="0" skip="0">CP001 - Validar que el método responda OK</stat>
<stat pass="1" fail="0" skip="0">CP002 - Validar que se hayan realizado los cambios en el campo "firstname"</stat>
</tag>
<suite>
<stat pass="2" fail="0" skip="0" id="s1" name="PATCH PartialUpdateBooking">PATCH PartialUpdateBooking</stat>
</suite>
</statistics>
<errors>
</errors>
</robot>
