<?xml version="1.0" encoding="UTF-8"?>
<robot generator="Robot 6.0.2 (Python 3.10.4 on win32)" generated="20230208 21:57:42.677" rpa="false" schemaversion="3">
<suite id="s1" name="POST CreateBooking" source="C:\Script\restful_booker_automation\booking\POST_CreateBooking.robot">
<test id="s1-t1" name="Happy Test 1" line="9">
<kw name="Create Dictionary" library="BuiltIn">
<var>${bookingdates}</var>
<arg>checkin=2018-01-01</arg>
<arg>checkout=2019-01-01</arg>
<doc>Creates and returns a dictionary based on the given ``items``.</doc>
<msg timestamp="20230208 21:57:42.818" level="INFO">${bookingdates} = {'checkin': '2018-01-01', 'checkout': '2019-01-01'}</msg>
<status status="PASS" starttime="20230208 21:57:42.802" endtime="20230208 21:57:42.818"/>
</kw>
<kw name="Create Dictionary" library="BuiltIn">
<var>${headers}</var>
<arg>Content-Type=application/json</arg>
<doc>Creates and returns a dictionary based on the given ``items``.</doc>
<msg timestamp="20230208 21:57:42.818" level="INFO">${headers} = {'Content-Type': 'application/json'}</msg>
<status status="PASS" starttime="20230208 21:57:42.818" endtime="20230208 21:57:42.818"/>
</kw>
<kw name="Create Dictionary" library="BuiltIn">
<var>${request}</var>
<arg>firstname=Jim</arg>
<arg>lastname=Brown</arg>
<arg>totalprice=111</arg>
<arg>depositpaid=true</arg>
<arg>bookingdates=${bookingdates}</arg>
<arg>additionalneeds=Breakfast</arg>
<doc>Creates and returns a dictionary based on the given ``items``.</doc>
<msg timestamp="20230208 21:57:42.818" level="INFO">${request} = {'firstname': 'Jim', 'lastname': 'Brown', 'totalprice': '111', 'depositpaid': 'true', 'bookingdates': {'checkin': '2018-01-01', 'checkout': '2019-01-01'}, 'additionalneeds': 'Breakfast'}</msg>
<status status="PASS" starttime="20230208 21:57:42.818" endtime="20230208 21:57:42.818"/>
</kw>
<kw name="POST" library="RequestsLibrary">
<var>${response}</var>
<arg>${http_server}/booking</arg>
<arg>json=${request}</arg>
<arg>headers=${headers}</arg>
<doc>Sends a POST request.</doc>
<msg timestamp="20230208 21:57:43.399" level="INFO">POST Request : url=https://restful-booker.herokuapp.com/booking 
 path_url=/booking 
 headers={'User-Agent': 'python-requests/2.28.2', 'Accept-Encoding': 'gzip, deflate', 'Accept': '*/*', 'Connection': 'keep-alive', 'Content-Type': 'application/json', 'Content-Length': '186'} 
 body=b'{"firstname": "Jim", "lastname": "Brown", "totalprice": "111", "depositpaid": "true", "bookingdates": {"checkin": "2018-01-01", "checkout": "2019-01-01"}, "additionalneeds": "Breakfast"}' 
 </msg>
<msg timestamp="20230208 21:57:43.399" level="INFO">POST Response : url=https://restful-booker.herokuapp.com/booking 
 status=200, reason=OK 
 headers={'Server': 'Cowboy', 'Connection': 'keep-alive', 'X-Powered-By': 'Express', 'Content-Type': 'application/json; charset=utf-8', 'Content-Length': '197', 'Etag': 'W/"c5-lBbgKx/BIc+qLq7hLfuAtDt5KOE"', 'Date': 'Thu, 09 Feb 2023 02:57:43 GMT', 'Via': '1.1 vegur'} 
 body={"bookingid":6834,"booking":{"firstname":"Jim","lastname":"Brown","totalprice":111,"depositpaid":true,"bookingdates":{"checkin":"2018-01-01","checkout":"2019-01-01"},"additionalneeds":"Breakfast"}} 
 </msg>
<msg timestamp="20230208 21:57:43.414" level="INFO">${response} = &lt;Response [200]&gt;</msg>
<status status="PASS" starttime="20230208 21:57:42.818" endtime="20230208 21:57:43.414"/>
</kw>
<kw name="Status Should Be" library="RequestsLibrary">
<arg>OK</arg>
<arg>${response}</arg>
<doc>Fails if response status code is different than the expected.</doc>
<status status="PASS" starttime="20230208 21:57:43.414" endtime="20230208 21:57:43.414"/>
</kw>
<tag>CP001 - Validar que el método responda OK</tag>
<status status="PASS" starttime="20230208 21:57:42.802" endtime="20230208 21:57:43.414"/>
</test>
<test id="s1-t2" name="Happy Test 2" line="17">
<kw name="Create Dictionary" library="BuiltIn">
<var>${bookingdates}</var>
<arg>checkin=2020-01-01</arg>
<arg>checkout=2022-01-01</arg>
<doc>Creates and returns a dictionary based on the given ``items``.</doc>
<msg timestamp="20230208 21:57:43.414" level="INFO">${bookingdates} = {'checkin': '2020-01-01', 'checkout': '2022-01-01'}</msg>
<status status="PASS" starttime="20230208 21:57:43.414" endtime="20230208 21:57:43.414"/>
</kw>
<kw name="Create Dictionary" library="BuiltIn">
<var>${headers}</var>
<arg>Content-Type=application/json</arg>
<doc>Creates and returns a dictionary based on the given ``items``.</doc>
<msg timestamp="20230208 21:57:43.414" level="INFO">${headers} = {'Content-Type': 'application/json'}</msg>
<status status="PASS" starttime="20230208 21:57:43.414" endtime="20230208 21:57:43.414"/>
</kw>
<kw name="Create Dictionary" library="BuiltIn">
<var>${request}</var>
<arg>firstname=Luis</arg>
<arg>lastname=Da Silva</arg>
<arg>totalprice=115</arg>
<arg>depositpaid=true</arg>
<arg>bookingdates=${bookingdates}</arg>
<arg>additionalneeds=Breakfast</arg>
<doc>Creates and returns a dictionary based on the given ``items``.</doc>
<msg timestamp="20230208 21:57:43.414" level="INFO">${request} = {'firstname': 'Luis', 'lastname': 'Da Silva', 'totalprice': '115', 'depositpaid': 'true', 'bookingdates': {'checkin': '2020-01-01', 'checkout': '2022-01-01'}, 'additionalneeds': 'Breakfast'}</msg>
<status status="PASS" starttime="20230208 21:57:43.414" endtime="20230208 21:57:43.414"/>
</kw>
<kw name="POST" library="RequestsLibrary">
<var>${response}</var>
<arg>${http_server}/booking</arg>
<arg>json=${request}</arg>
<arg>headers=${headers}</arg>
<doc>Sends a POST request.</doc>
<msg timestamp="20230208 21:57:43.886" level="INFO">POST Request : url=https://restful-booker.herokuapp.com/booking 
 path_url=/booking 
 headers={'User-Agent': 'python-requests/2.28.2', 'Accept-Encoding': 'gzip, deflate', 'Accept': '*/*', 'Connection': 'keep-alive', 'Content-Type': 'application/json', 'Content-Length': '190'} 
 body=b'{"firstname": "Luis", "lastname": "Da Silva", "totalprice": "115", "depositpaid": "true", "bookingdates": {"checkin": "2020-01-01", "checkout": "2022-01-01"}, "additionalneeds": "Breakfast"}' 
 </msg>
<msg timestamp="20230208 21:57:43.886" level="INFO">POST Response : url=https://restful-booker.herokuapp.com/booking 
 status=200, reason=OK 
 headers={'Server': 'Cowboy', 'Connection': 'keep-alive', 'X-Powered-By': 'Express', 'Content-Type': 'application/json; charset=utf-8', 'Content-Length': '201', 'Etag': 'W/"c9-G415RQCOtyHMedkrqtqjDP+mJxw"', 'Date': 'Thu, 09 Feb 2023 02:57:43 GMT', 'Via': '1.1 vegur'} 
 body={"bookingid":6843,"booking":{"firstname":"Luis","lastname":"Da Silva","totalprice":115,"depositpaid":true,"bookingdates":{"checkin":"2020-01-01","checkout":"2022-01-01"},"additionalneeds":"Breakfast"}} 
 </msg>
<msg timestamp="20230208 21:57:43.886" level="INFO">${response} = &lt;Response [200]&gt;</msg>
<status status="PASS" starttime="20230208 21:57:43.414" endtime="20230208 21:57:43.886"/>
</kw>
<kw name="Call Method" library="BuiltIn">
<var>${keys}</var>
<arg>${response.json()}</arg>
<arg>keys</arg>
<doc>Calls the named method of the given object with the provided arguments.</doc>
<msg timestamp="20230208 21:57:43.886" level="INFO">${keys} = dict_keys(['bookingid', 'booking'])</msg>
<status status="PASS" starttime="20230208 21:57:43.886" endtime="20230208 21:57:43.886"/>
</kw>
<kw name="Should Contain" library="BuiltIn">
<arg>${keys}</arg>
<arg>bookingid</arg>
<doc>Fails if ``container`` does not contain ``item`` one or more times.</doc>
<status status="PASS" starttime="20230208 21:57:43.886" endtime="20230208 21:57:43.886"/>
</kw>
<tag>CP002 - Validar que las llaves contengan 'bookingid'</tag>
<status status="PASS" starttime="20230208 21:57:43.414" endtime="20230208 21:57:43.886"/>
</test>
<status status="PASS" starttime="20230208 21:57:42.677" endtime="20230208 21:57:43.886"/>
</suite>
<statistics>
<total>
<stat pass="2" fail="0" skip="0">All Tests</stat>
</total>
<tag>
<stat pass="1" fail="0" skip="0">CP001 - Validar que el método responda OK</stat>
<stat pass="1" fail="0" skip="0">CP002 - Validar que las llaves contengan 'bookingid'</stat>
</tag>
<suite>
<stat pass="2" fail="0" skip="0" id="s1" name="POST CreateBooking">POST CreateBooking</stat>
</suite>
</statistics>
<errors>
</errors>
</robot>
