<?xml version="1.0" encoding="UTF-8"?>
<robot generator="Robot 6.0.2 (Python 3.10.4 on win32)" generated="20230208 21:50:42.751" rpa="false" schemaversion="3">
<suite id="s1" name="GET GetBooking" source="C:\Script\restful_booker_automation\booking\GET_GetBooking.robot">
<test id="s1-t1" name="Happy Test" line="8">
<kw name="GET" library="RequestsLibrary">
<var>${response}</var>
<arg>${http_server}/booking/1</arg>
<doc>Sends a GET request.</doc>
<msg timestamp="20230208 21:50:43.452" level="INFO">GET Request : url=https://restful-booker.herokuapp.com/booking/1 
 path_url=/booking/1 
 headers={'User-Agent': 'python-requests/2.28.2', 'Accept-Encoding': 'gzip, deflate', 'Accept': '*/*', 'Connection': 'keep-alive'} 
 body=None 
 </msg>
<msg timestamp="20230208 21:50:43.452" level="INFO">GET Response : url=https://restful-booker.herokuapp.com/booking/1 
 status=200, reason=OK 
 headers={'Server': 'Cowboy', 'Connection': 'keep-alive', 'X-Powered-By': 'Express', 'Content-Type': 'application/json; charset=utf-8', 'Content-Length': '174', 'Etag': 'W/"ae-SeF3tTCbfeyVPtveVYaAqfCWu4Y"', 'Date': 'Thu, 09 Feb 2023 02:50:43 GMT', 'Via': '1.1 vegur'} 
 body={"firstname":"Sally","lastname":"Ericsson","totalprice":894,"depositpaid":false,"bookingdates":{"checkin":"2019-11-09","checkout":"2022-02-21"},"additionalneeds":"Breakfast"} 
 </msg>
<msg timestamp="20230208 21:50:43.452" level="INFO">${response} = &lt;Response [200]&gt;</msg>
<status status="PASS" starttime="20230208 21:50:42.870" endtime="20230208 21:50:43.452"/>
</kw>
<kw name="Log To Console" library="BuiltIn">
<arg>${response.content}</arg>
<doc>Logs the given message to the console.</doc>
<status status="PASS" starttime="20230208 21:50:43.452" endtime="20230208 21:50:43.452"/>
</kw>
<kw name="Status Should Be" library="RequestsLibrary">
<arg>OK</arg>
<arg>${response}</arg>
<doc>Fails if response status code is different than the expected.</doc>
<status status="PASS" starttime="20230208 21:50:43.452" endtime="20230208 21:50:43.452"/>
</kw>
<tag>CP001 - Validar que el método responda OK</tag>
<status status="PASS" starttime="20230208 21:50:42.870" endtime="20230208 21:50:43.452"/>
</test>
<status status="PASS" starttime="20230208 21:50:42.751" endtime="20230208 21:50:43.467"/>
</suite>
<statistics>
<total>
<stat pass="1" fail="0" skip="0">All Tests</stat>
</total>
<tag>
<stat pass="1" fail="0" skip="0">CP001 - Validar que el método responda OK</stat>
</tag>
<suite>
<stat pass="1" fail="0" skip="0" id="s1" name="GET GetBooking">GET GetBooking</stat>
</suite>
</statistics>
<errors>
</errors>
</robot>
