<?xml version="1.0" encoding="UTF-8"?>
<robot generator="Robot 6.0.2 (Python 3.10.4 on win32)" generated="20230208 21:47:37.008" rpa="false" schemaversion="3">
<suite id="s1" name="GET GetBookingIds" source="C:\Script\restful_booker_automation\booking\GET_GetBookingIds.robot">
<test id="s1-t1" name="Happy Test" line="8">
<kw name="GET" library="RequestsLibrary">
<var>${response}</var>
<arg>${http_server}/booking</arg>
<doc>Sends a GET request.</doc>
<msg timestamp="20230208 21:47:37.966" level="INFO">GET Request : url=https://restful-booker.herokuapp.com/booking 
 path_url=/booking 
 headers={'User-Agent': 'python-requests/2.28.2', 'Accept-Encoding': 'gzip, deflate', 'Accept': '*/*', 'Connection': 'keep-alive'} 
 body=None 
 </msg>
<msg timestamp="20230208 21:47:37.966" level="INFO">GET Response : url=https://restful-booker.herokuapp.com/booking 
 status=200, reason=OK 
 headers={'Server': 'Cowboy', 'Connection': 'keep-alive', 'X-Powered-By': 'Express', 'Content-Type': 'application/json; charset=utf-8', 'Content-Length': '83069', 'Etag': 'W/"1447d-m7dyfdTxb9udsyQa7zCNknjRRMw"', 'Date': 'Thu, 09 Feb 2023 02:47:37 GMT', 'Via': '1.1 vegur'} 
 body=[{"bookingid":5059},{"bookingid":5820},{"bookingid":3868},{"bookingid":923},{"bookingid":475},{"bookingid":6352},{"bookingid":4874},{"bookingid":3449},{"bookingid":4536},{"bookingid":411},{"bookingid":4655},{"bookingid":5841},{"bookingid":93},{"bookingid":3976},{"bookingid":2374},{"bookingid":2048},{"bookingid":3081},{"bookingid":3319},{"bookingid":3420},{"bookingid":5031},{"bookingid":78},{"bookingid":4302},{"bookingid":3242},{"bookingid":2379},{"bookingid":1045},{"bookingid":5542},{"bookingid":1357},{"bookingid":5810},{"bookingid":905},{"bookingid":3213},{"bookingid":3364},{"bookingid":2111},{"bookingid":1076},{"bookingid":1744},{"bookingid":4555},{"bookingid":4734},{"bookingid":5474},{"bookingid":6009},{"bookingid":2347},{"bookingid":2058},{"bookingid":6169},{"bookingid":6042},{"bookingid":4512},{"bookingid":3508},{"bookingid":6281},{"bookingid":6159},{"bookingid":3121},{"bookingid":162},{"bookingid":2693},{"bookingid":3827},{"bookingid":3138},{"bookingid":635},{"bookingid":773},{"bookingid":1418},{"bookingid":811},{"bookingid":3248},{"bookingid":249},{"bookingid":5034},{"bookingid":4951},{"bookingid":3714},{"bookingid":4146},{"bookingid":1554},{"bookingid":3551},{"bookingid":3901},{"bookingid":2634},{"bookingid":1551},{"bookingid":435},{"bookingid":2719},{"bookingid":3840},{"bookingid":5851},{"bookingid":185},{"bookingid":3568},{"bookingid":5285},{"bookingid":3298},{"bookingid":5758},{"bookingid":1094},{"bookingid":4801},{"bookingid":3633},{"bookingid":2702},{"bookingid":5618},{"bookingid":3257},{"bookingid":648},{"bookingid":1067},{"bookingid":3099},{"bookingid":135},{"bookingid":327},{"bookingid":5958},{"bookingid":4760},{"bookingid":3184},{"bookingid":270},{"bookingid":3285},{"bookingid":4902},{"bookingid":2018},{"bookingid":2621},{"bookingid":4862},{"bookingid":2996},{"bookingid":4354},{"bookingid":5158},{"bookingid":3142},{"bookingid":2084},{"bookingid":1258},{"bookingid":2891},{"bookingid":6288},{"bookingid":3561},{"bookingid":2189},{"bookingid":2493},{"bookingid":4591},{"bookingid":2899},{"bookingid":710},{"bookingid":3754},{"bookingid":2546},{"bookingid":5634},{"bookingid":700},{"bookingid":295},{"bookingid":1478},{"bookingid":5155},{"bookingid":2015},{"bookingid":4359},{"bookingid":4581},{"bookingid":2482},{"bookingid":3727},{"bookingid":4690},{"bookingid":5710},{"bookingid":4838},{"bookingid":1355},{"bookingid":3538},{"bookingid":1917},{"bookingid":6192},{"bookingid":48},{"bookingid":1511},{"bookingid":3226},{"bookingid":166},{"bookingid":5049},{"bookingid":1035},{"bookingid":832},{"bookingid":6127},{"bookingid":2971},{"bookingid":4289},{"bookingid":6166},{"bookingid":6221},{"bookingid":38},{"bookingid":4454},{"bookingid":2784},{"bookingid":225},{"bookingid":1433},{"bookingid":6431},{"bookingid":6248},{"bookingid":2731},{"bookingid":3274},{"bookingid":5641},{"bookingid":3740},{"bookingid":5029},{"bookingid":3197},{"bookingid":4990},{"bookingid":131},{"bookingid":3735},{"bookingid":3958},{"bookingid":1001},{"bookingid":1486},{"bookingid":2020},{"bookingid":2993},{"bookingid":2292},{"bookingid":3473},{"bookingid":5970},{"bookingid":3565},{"bookingid":2087},{"bookingid":6152},{"bookingid":2353},{"bookingid":6111},{"bookingid":1395},{"bookingid":6443},{"bookingid":5855},{"bookingid":6439},{"bookingid":5860},{"bookingid":4793},{"bookingid":935},{"bookingid":58},{"bookingid":746},{"bookingid":4986},{"bookingid":1109},{"bookingid":110},{"bookingid":2655},{"bookingid":599},{"bookingid":4154},{"bookingid":1638},{"bookingid":2808},{"bookingid":3937},{"bookingid":2502},{"bookingid":2375},{"bookingid":2388},{"bookingid":4682},{"bookingid":2839},{"bookingid":5737},{"bookingid":4193},{"bookingid":2580},{"bookingid":1656},{"bookingid":4577},{"bookingid":1011},{"bookingid":2092},{"bookingid":2291},{"bookingid":4859},{"bookingid":2715},{"bookingid":6074},{"bookingid":1659},{"bookingid":1399},{"bookingid":3054},{"bookingid":5475},{"bookingid":1122},{"bookingid":281},{"bookingid":6332},{"bookingid":2425},{"bookingid":888},{"bookingid":5074},{"bookingid":4826},{"bookingid":5811},{"bookingid":4954},{"bookingid":2432},{"bookingid":1512},{"bookingid":1090},{"bookingid":788},{"bookingid":345},{"bookingid":3027},{"bookingid":6200},{"bookingid":927},{"bookingid":3354},{"bookingid":4614},{"bookingid":2385},{"bookingid":3221},{"bookingid":4735},{"bookingid":2809},{"bookingid":2495},{"bookingid":2526},{"bookingid":603},{"bookingid":741},{"bookingid":1445},{"bookingid":3926},{"bookingid":4648},{"bookingid":6168},{"bookingid":4393},{"bookingid":4192},{"bookingid":2916},{"bookingid":3155},{"bookingid":3842},{"bookingid":1865},{"bookingid":1661},{"bookingid":3098},{"bookingid":2476},{"bookingid":1823},{"bookingid":2775},{"bookingid":3523},{"bookingid":2420},{"bookingid":2016},{"bookingid":1587},{"bookingid":4158},{"bookingid":303},{"bookingid":1298},{"bookingid":301},{"bookingid":2829},{"bookingid":2570},{"bookingid":2288},{"bookingid":2767},{"bookingid":1149},{"bookingid":2530},{"bookingid":1596},{"bookingid":113},{"bookingid":3517},{"bookingid":4047},{"bookingid":6022},{"bookingid":5457},{"bookingid":2652},{"bookingid":3628},{"bookingid":3199},{"bookingid":2158},{"bookingid":2124},{"bookingid":2120},{"bookingid":382},{"bookingid":1016},{"bookingid":6309},{"bookingid":2875},{"bookingid":2303},{"bookingid":602},{"bookingid":6068},{"bookingid":5816},{"bookingid":5906},{"bookingid":181},{"bookingid":4618},{"bookingid":224},{"bookingid":4658},{"bookingid":4491},{"bookingid":847},{"bookingid":3161},{"bookingid":3964},{"bookingid":737},{"bookingid":978},{"bookingid":5844},{"bookingid":3887},{"bookingid":5256},{"bookingid":2036},{"bookingid":4697},{"bookingid":513},{"bookingid":2860},{"bookingid":5333},{"bookingid":520},{"bookingid":2400},{"bookingid":4291},{"bookingid":2703},{"bookingid":553},{"bookingid":4361},{"bookingid":3456},{"bookingid":6001},{"bookingid":3336},{"bookingid":3421},{"bookingid":4174},{"bookingid":3877},{"bookingid":6246},{"bookingid":3552},{"bookingid":4376},{"bookingid":2572},{"bookingid":2807},{"bookingid":5525},{"bookingid":1875},{"bookingid":3534},{"bookingid":4583},{"bookingid":2249},{"bookingid":4271},{"bookingid":964},{"bookingid":4973},{"bookingid":1385},{"bookingid":706},{"bookingid":2569},{"bookingid":5773},{"bookingid":2077},{"bookingid":70},{"bookingid":6016},{"bookingid":5241},{"bookingid":5678},{"bookingid":1174},{"bookingid":5042},{"bookingid":5100},{"bookingid":6055},{"bookingid":3889},{"bookingid":3103},{"bookingid":541},{"bookingid":842},{"bookingid":3916},{"bookingid":5759},{"bookingid":4625},{"bookingid":3007},{"bookingid":3463},{"bookingid":5771},{"bookingid":3874},{"bookingid":2238},{"bookingid":3097},{"bookingid":4333},{"bookingid":869},{"bookingid":6340},{"bookingid":1314},{"bookingid":1956},{"bookingid":3241},{"bookingid":951},{"bookingid":4181},{"bookingid":4394},{"bookingid":2352},{"bookingid":6436},{"bookingid":2831},{"bookingid":5620},{"bookingid":5782},{"bookingid":1632},{"bookingid":1697},{"bookingid":5913},{"bookingid":4684},{"bookingid":4468},{"bookingid":5975},{"bookingid":3509},{"bookingid":3881},{"bookingid":77},{"bookingid":2455},{"bookingid":351},{"bookingid":5390},{"bookingid":1004},{"bookingid":3391},{"bookingid":864},{"bookingid":1606},{"bookingid":5670},{"bookingid":1739},{"bookingid":1224},{"bookingid":4653},{"bookingid":4590},{"bookingid":3412},{"bookingid":509},{"bookingid":3375},{"bookingid":557},{"bookingid":4680},{"bookingid":4270},{"bookingid":1650},{"bookingid":6437},{"bookingid":4480},{"bookingid":3281},{"bookingid":831},{"bookingid":5673},{"bookingid":2641},{"bookingid":118},{"bookingid":3749},{"bookingid":2101},{"bookingid":5909},{"bookingid":233},{"bookingid":4446},{"bookingid":4119},{"bookingid":5010},{"bookingid":3989},{"bookingid":5292},{"bookingid":2656},{"bookingid":5982},{"bookingid":4075},{"bookingid":4923},{"bookingid":597},{"bookingid":2031},{"bookingid":1464},{"bookingid":4710},{"bookingid":5548},{"bookingid":4277},{"bookingid":72},{"bookingid":4479},{"bookingid":349},{"bookingid":3047},{"bookingid":4782},{"bookingid":1506},{"bookingid":3397},{"bookingid":6097},{"bookingid":3524},{"bookingid":4730},{"bookingid":5734},{"bookingid":564},{"bookingid":2132},{"bookingid":6264},{"bookingid":1444},{"bookingid":1169},{"bookingid":1193},{"bookingid":334},{"bookingid":3927},{"bookingid":1187},{"bookingid":3577},{"bookingid":6265},{"bookingid":4586},{"bookingid":4887},{"bookingid":2044},{"bookingid":6149},{"bookingid":1905},{"bookingid":4292},{"bookingid":6046},{"bookingid":2620},{"bookingid":201},{"bookingid":2098},{"bookingid":3871},{"bookingid":1007},{"bookingid":4646},{"bookingid":4350},{"bookingid":6136},{"bookingid":1514},{"bookingid":3316},{"bookingid":859},{"bookingid":6173},{"bookingid":102},{"bookingid":3466},{"bookingid":1},{"bookingid":2221},{"bookingid":3144},{"bookingid":4295},{"bookingid":5621},{"bookingid":1070},{"bookingid":1588},{"bookingid":4758},{"bookingid":167},{"bookingid":2516},{"bookingid":3353},{"bookingid":3906},{"bookingid":5429},{"bookingid":4189},{"bookingid":6371},{"bookingid":2904},{"bookingid":5588},{"bookingid":218},{"bookingid":3953},{"bookingid":6364},{"bookingid":3344},{"bookingid":5257},{"bookingid":2561},{"bookingid":2670},{"bookingid":6231},{"bookingid":5480},{"bookingid":6470},{"bookingid":180},{"bookingid":4423},{"bookingid":6161},{"bookingid":6391},{"bookingid":3932},{"bookingid":4365},{"bookingid":393},{"bookingid":3563},{"bookingid":6141},{"bookingid":2605},{"bookingid":4054},{"bookingid":2614},{"bookingid":4957},{"bookingid":4963},{"bookingid":806},{"bookingid":5137},{"bookingid":1284},{"bookingid":434},{"bookingid":5176},{"bookingid":5044},{"bookingid":433},{"bookingid":623},{"bookingid":2542},{"bookingid":5502},{"bookingid":3070},{"bookingid":5889},{"bookingid":5653},{"bookingid":6247},{"bookingid":3135},{"bookingid":4007},{"bookingid":4445},{"bookingid":5467},{"bookingid":5616},{"bookingid":932},{"bookingid":6051},{"bookingid":3716},{"bookingid":4412},{"bookingid":1384},{"bookingid":868},{"bookingid":5089},{"boo... (set the log level to DEBUG or TRACE to see the full content) 
 </msg>
<msg timestamp="20230208 21:47:37.966" level="INFO">${response} = &lt;Response [200]&gt;</msg>
<status status="PASS" starttime="20230208 21:47:37.149" endtime="20230208 21:47:37.966"/>
</kw>
<kw name="Status Should Be" library="RequestsLibrary">
<arg>OK</arg>
<arg>${response}</arg>
<doc>Fails if response status code is different than the expected.</doc>
<status status="PASS" starttime="20230208 21:47:37.966" endtime="20230208 21:47:37.966"/>
</kw>
<tag>CP001 - Validar que el método responda OK</tag>
<status status="PASS" starttime="20230208 21:47:37.149" endtime="20230208 21:47:37.966"/>
</test>
<status status="PASS" starttime="20230208 21:47:37.008" endtime="20230208 21:47:37.966"/>
</suite>
<statistics>
<total>
<stat pass="1" fail="0" skip="0">All Tests</stat>
</total>
<tag>
<stat pass="1" fail="0" skip="0">CP001 - Validar que el método responda OK</stat>
</tag>
<suite>
<stat pass="1" fail="0" skip="0" id="s1" name="GET GetBookingIds">GET GetBookingIds</stat>
</suite>
</statistics>
<errors>
</errors>
</robot>
